build/app/intermediates/manifest_merge_blame_file/debug/manifest-merger-blame-debug-report 3.txt
1<?xml version="1.0" encoding="utf-8"?>
2<manifest xmlns:android="http://schemas.android.com/apk/res/android"
3    package="com.fleek"
4    android:versionCode="1"
5    android:versionName="1.0.0" >
6
7    <uses-sdk
8        android:minSdkVersion="16"
9        android:targetSdkVersion="28" />
10    <!--
11         Flutter needs it to communicate with the running application
12         to allow setting breakpoints, to provide hot reload, etc.
13    -->
14    <uses-permission android:name="android.permission.INTERNET" />
14-->src/debug/AndroidManifest.xml:6:5-66
14-->src/debug/AndroidManifest.xml:6:22-64
15    <!--
16     io.flutter.app.FlutterApplication is an android.app.Application that
17         calls FlutterMain.startInitialization(this); in its onCreate method.
18         In most cases you can leave this as-is, but you if you want to provide
19         additional functionality it is fine to subclass or reimplement
20         FlutterApplication and put your custom class here.
21    -->
22    <uses-permission android:name="android.permission.WRITE_EXTERNAL_STORAGE" />
22-->src/main/AndroidManifest.xml:8:5-81
22-->src/main/AndroidManifest.xml:8:22-78
23    <uses-permission android:name="android.permission.READ_EXTERNAL_STORAGE" />
23-->src/main/AndroidManifest.xml:9:5-80
23-->src/main/AndroidManifest.xml:9:22-77
24    <uses-permission android:name="android.permission.CAMERA" />
24-->src/main/AndroidManifest.xml:10:5-65
24-->src/main/AndroidManifest.xml:10:22-62
25    <uses-permission android:name="android.permission.ACCESS_NETWORK_STATE" />
25-->[:firebase_analytics] AndroidManifest.xml:7:5-79
25-->[:firebase_analytics] AndroidManifest.xml:7:22-76
26    <uses-permission android:name="android.permission.WAKE_LOCK" />
26-->[:firebase_analytics] AndroidManifest.xml:9:5-68
26-->[:firebase_analytics] AndroidManifest.xml:9:22-65
27    <uses-permission android:name="com.google.android.finsky.permission.BIND_GET_INSTALL_REFERRER_SERVICE" /> <!-- Required by older versions of Google Play services to create IID tokens -->
27-->[com.google.android.gms:play-services-measurement:17.4.2] AndroidManifest.xml:26:5-110
27-->[com.google.android.gms:play-services-measurement:17.4.2] AndroidManifest.xml:26:22-107
28    <uses-permission android:name="com.google.android.c2dm.permission.RECEIVE" />
28-->[com.google.firebase:firebase-iid:20.2.0] AndroidManifest.xml:26:5-82
28-->[com.google.firebase:firebase-iid:20.2.0] AndroidManifest.xml:26:22-79
29
30    <application
30-->src/main/AndroidManifest.xml:12:5-55:19
31        android:name="com.fleek.Application"
31-->src/main/AndroidManifest.xml:13:9-36
32        android:appComponentFactory="androidx.core.app.CoreComponentFactory"
32-->[androidx.core:core:1.2.0] AndroidManifest.xml:24:18-86
33        android:debuggable="true"
34        android:icon="@mipmap/ic_launcher"
34-->src/main/AndroidManifest.xml:15:9-43
35        android:label="fleek" >
35-->src/main/AndroidManifest.xml:14:9-30
36        <activity
36-->src/main/AndroidManifest.xml:16:9-49:20
37            android:name="com.fleek.MainActivity"
37-->src/main/AndroidManifest.xml:17:13-41
38            android:configChanges="orientation|keyboardHidden|keyboard|screenSize|smallestScreenSize|locale|layoutDirection|fontScale|screenLayout|density|uiMode"
38-->src/main/AndroidManifest.xml:20:13-163
39            android:hardwareAccelerated="true"
39-->src/main/AndroidManifest.xml:21:13-47
40            android:launchMode="singleTop"
40-->src/main/AndroidManifest.xml:18:13-43
41            android:theme="@style/LaunchTheme"
41-->src/main/AndroidManifest.xml:19:13-47
42            android:windowSoftInputMode="adjustResize" >
42-->src/main/AndroidManifest.xml:22:13-55
43
44            <!--
45                 Specifies an Android theme to apply to this Activity as soon as
46                 the Android process has started. This theme is visible to the user
47                 while the Flutter UI initializes. After that, this theme continues
48                 to determine the Window background behind the Flutter UI.
49            -->
50            <meta-data
50-->src/main/AndroidManifest.xml:27:13-30:17
51                android:name="io.flutter.embedding.android.NormalTheme"
51-->src/main/AndroidManifest.xml:28:15-70
52                android:resource="@style/NormalTheme" />
52-->src/main/AndroidManifest.xml:29:15-52
53            <!--
54                 Displays an Android View that continues showing the launch screen
55                 Drawable until Flutter paints its first frame, then this splash
56                 screen fades out. A splash screen is useful to avoid any visual
57                 gap between the end of Android's launch screen and the painting of
58                 Flutter's first frame.
59            -->
60            <meta-data
60-->src/main/AndroidManifest.xml:36:13-39:17
61                android:name="io.flutter.embedding.android.SplashScreenDrawable"
61-->src/main/AndroidManifest.xml:37:15-79
62                android:resource="@drawable/launch_background" />
62-->src/main/AndroidManifest.xml:38:15-61
63            <meta-data
63-->src/main/AndroidManifest.xml:41:13-42:49
64                android:name="com.google.firebase.messaging.default_notification_channel_id"
64-->src/main/AndroidManifest.xml:41:24-100
65                android:value="Fleek Messages" />
65-->src/main/AndroidManifest.xml:42:17-47
66
67            <intent-filter>
67-->src/main/AndroidManifest.xml:43:13-48:29
68                <action android:name="android.intent.action.MAIN" />
68-->src/main/AndroidManifest.xml:44:17-68
68-->src/main/AndroidManifest.xml:44:25-66
69
70                <category android:name="android.intent.category.LAUNCHER" />
70-->src/main/AndroidManifest.xml:45:17-76
70-->src/main/AndroidManifest.xml:45:27-74
71
72                <action android:name="FLUTTER_NOTIFICATION_CLICK" />
72-->src/main/AndroidManifest.xml:46:17-69
72-->src/main/AndroidManifest.xml:46:25-66
73
74                <category android:name="android.intent.category.DEFAULT" />
74-->src/main/AndroidManifest.xml:47:17-76
74-->src/main/AndroidManifest.xml:47:27-73
75            </intent-filter>
76        </activity>
77        <!--
78             Don't delete the meta-data below.
79             This is used by the Flutter tool to generate GeneratedPluginRegistrant.java
80        -->
81        <meta-data
81-->src/main/AndroidManifest.xml:52:9-54:33
82            android:name="flutterEmbedding"
82-->src/main/AndroidManifest.xml:53:13-44
83            android:value="2" />
83-->src/main/AndroidManifest.xml:54:13-30
84
85        <service
85-->[:firebase_storage] AndroidManifest.xml:8:9-12:19
86            android:name="com.google.firebase.components.ComponentDiscoveryService"
86-->[:firebase_storage] AndroidManifest.xml:8:18-89
87            android:directBootAware="true"
87-->[com.google.firebase:firebase-common:19.3.0] AndroidManifest.xml:34:13-43
88            android:exported="false" >
88-->[com.google.firebase:firebase-messaging:20.2.0] AndroidManifest.xml:38:13-37
89            <meta-data
89-->[:firebase_storage] AndroidManifest.xml:9:13-11:85
90                android:name="com.google.firebase.components:io.flutter.plugins.firebase.storage.FlutterFirebaseAppRegistrar"
90-->[:firebase_storage] AndroidManifest.xml:10:17-126
91                android:value="com.google.firebase.components.ComponentRegistrar" />
91-->[:firebase_storage] AndroidManifest.xml:11:17-82
92            <meta-data
92-->[:cloud_firestore] AndroidManifest.xml:9:13-11:85
93                android:name="com.google.firebase.components:io.flutter.plugins.firebase.cloudfirestore.FlutterFirebaseAppRegistrar"
93-->[:cloud_firestore] AndroidManifest.xml:10:17-133
94                android:value="com.google.firebase.components.ComponentRegistrar" />
94-->[:cloud_firestore] AndroidManifest.xml:11:17-82
95            <meta-data
95-->[:firebase_database] AndroidManifest.xml:9:13-11:85
96                android:name="com.google.firebase.components:io.flutter.plugins.firebase.database.FlutterFirebaseAppRegistrar"
96-->[:firebase_database] AndroidManifest.xml:10:17-127
97                android:value="com.google.firebase.components.ComponentRegistrar" />
97-->[:firebase_database] AndroidManifest.xml:11:17-82
98            <meta-data
98-->[:firebase_auth] AndroidManifest.xml:9:13-11:85
99                android:name="com.google.firebase.components:io.flutter.plugins.firebaseauth.FlutterFirebaseAppRegistrar"
99-->[:firebase_auth] AndroidManifest.xml:10:17-122
100                android:value="com.google.firebase.components.ComponentRegistrar" />
100-->[:firebase_auth] AndroidManifest.xml:11:17-82
101            <meta-data
101-->[:firebase_core] AndroidManifest.xml:9:13-11:85
102                android:name="com.google.firebase.components:io.flutter.plugins.firebase.core.FlutterFirebaseAppRegistrar"
102-->[:firebase_core] AndroidManifest.xml:10:17-123
103                android:value="com.google.firebase.components.ComponentRegistrar" />
103-->[:firebase_core] AndroidManifest.xml:11:17-82
104            <meta-data
104-->[:firebase_messaging] AndroidManifest.xml:14:13-16:85
105                android:name="com.google.firebase.components:io.flutter.plugins.firebasemessaging.FlutterFirebaseAppRegistrar"
105-->[:firebase_messaging] AndroidManifest.xml:15:17-127
106                android:value="com.google.firebase.components.ComponentRegistrar" />
106-->[:firebase_messaging] AndroidManifest.xml:16:17-82
107            <meta-data
107-->[:firebase_analytics] AndroidManifest.xml:13:13-15:85
108                android:name="com.google.firebase.components:io.flutter.plugins.firebaseanalytics.FlutterFirebaseAppRegistrar"
108-->[:firebase_analytics] AndroidManifest.xml:14:17-127
109                android:value="com.google.firebase.components.ComponentRegistrar" />
109-->[:firebase_analytics] AndroidManifest.xml:15:17-82
110            <meta-data
110-->[com.google.firebase:firebase-messaging:20.2.0] AndroidManifest.xml:39:13-41:85
111                android:name="com.google.firebase.components:com.google.firebase.messaging.FirebaseMessagingRegistrar"
111-->[com.google.firebase:firebase-messaging:20.2.0] AndroidManifest.xml:40:17-119
112                android:value="com.google.firebase.components.ComponentRegistrar" />
112-->[com.google.firebase:firebase-messaging:20.2.0] AndroidManifest.xml:41:17-82
113            <meta-data
113-->[com.google.android.gms:play-services-measurement-api:17.4.2] AndroidManifest.xml:30:13-32:85
114                android:name="com.google.firebase.components:com.google.firebase.analytics.connector.internal.AnalyticsConnectorRegistrar"
114-->[com.google.android.gms:play-services-measurement-api:17.4.2] AndroidManifest.xml:31:17-139
115                android:value="com.google.firebase.components.ComponentRegistrar" />
115-->[com.google.android.gms:play-services-measurement-api:17.4.2] AndroidManifest.xml:32:17-82
116            <meta-data
116-->[com.google.firebase:firebase-iid:20.2.0] AndroidManifest.xml:32:13-34:85
117                android:name="com.google.firebase.components:com.google.firebase.iid.Registrar"
117-->[com.google.firebase:firebase-iid:20.2.0] AndroidManifest.xml:33:17-96
118                android:value="com.google.firebase.components.ComponentRegistrar" />
118-->[com.google.firebase:firebase-iid:20.2.0] AndroidManifest.xml:34:17-82
119            <meta-data
119-->[com.google.firebase:firebase-datatransport:17.0.3] AndroidManifest.xml:28:13-30:85
120                android:name="com.google.firebase.components:com.google.firebase.datatransport.TransportRegistrar"
120-->[com.google.firebase:firebase-datatransport:17.0.3] AndroidManifest.xml:29:17-115
121                android:value="com.google.firebase.components.ComponentRegistrar" />
121-->[com.google.firebase:firebase-datatransport:17.0.3] AndroidManifest.xml:30:17-82
122            <meta-data
122-->[com.google.firebase:firebase-installations:16.3.1] AndroidManifest.xml:17:13-19:85
123                android:name="com.google.firebase.components:com.google.firebase.installations.FirebaseInstallationsRegistrar"
123-->[com.google.firebase:firebase-installations:16.3.1] AndroidManifest.xml:18:17-127
124                android:value="com.google.firebase.components.ComponentRegistrar" />
124-->[com.google.firebase:firebase-installations:16.3.1] AndroidManifest.xml:19:17-82
125            <meta-data
125-->[com.google.firebase:firebase-storage:17.0.0] AndroidManifest.xml:31:13-33:85
126                android:name="com.google.firebase.components:com.google.firebase.storage.StorageRegistrar"
126-->[com.google.firebase:firebase-storage:17.0.0] AndroidManifest.xml:32:17-107
127                android:value="com.google.firebase.components.ComponentRegistrar" />
127-->[com.google.firebase:firebase-storage:17.0.0] AndroidManifest.xml:33:17-82
128            <meta-data
128-->[com.google.firebase:firebase-firestore:21.3.0] AndroidManifest.xml:20:13-22:85
129                android:name="com.google.firebase.components:com.google.firebase.firestore.FirestoreRegistrar"
129-->[com.google.firebase:firebase-firestore:21.3.0] AndroidManifest.xml:21:17-111
130                android:value="com.google.firebase.components.ComponentRegistrar" />
130-->[com.google.firebase:firebase-firestore:21.3.0] AndroidManifest.xml:22:17-82
131            <meta-data
131-->[com.google.firebase:firebase-database:17.0.0] AndroidManifest.xml:30:13-32:85
132                android:name="com.google.firebase.components:com.google.firebase.database.DatabaseRegistrar"
132-->[com.google.firebase:firebase-database:17.0.0] AndroidManifest.xml:31:17-109
133                android:value="com.google.firebase.components.ComponentRegistrar" />
133-->[com.google.firebase:firebase-database:17.0.0] AndroidManifest.xml:32:17-82
134            <meta-data
134-->[com.google.firebase:firebase-auth:17.0.0] AndroidManifest.xml:36:13-38:85
135                android:name="com.google.firebase.components:com.google.firebase.auth.FirebaseAuthRegistrar"
135-->[com.google.firebase:firebase-auth:17.0.0] AndroidManifest.xml:37:17-109
136                android:value="com.google.firebase.components.ComponentRegistrar" />
136-->[com.google.firebase:firebase-auth:17.0.0] AndroidManifest.xml:38:17-82
137        </service>
138
139        <provider
139-->[:image_picker] AndroidManifest.xml:11:9-19:20
140            android:name="io.flutter.plugins.imagepicker.ImagePickerFileProvider"
140-->[:image_picker] AndroidManifest.xml:12:13-82
141            android:authorities="com.fleek.flutter.image_provider"
141-->[:image_picker] AndroidManifest.xml:13:13-74
142            android:exported="false"
142-->[:image_picker] AndroidManifest.xml:14:13-37
143            android:grantUriPermissions="true" >
143-->[:image_picker] AndroidManifest.xml:15:13-47
144            <meta-data
144-->[:image_picker] AndroidManifest.xml:16:13-18:75
145                android:name="android.support.FILE_PROVIDER_PATHS"
145-->[:image_picker] AndroidManifest.xml:17:17-67
146                android:resource="@xml/flutter_image_picker_file_paths" />
146-->[:image_picker] AndroidManifest.xml:18:17-72
147        </provider>
148
149        <service android:name="io.flutter.plugins.firebasemessaging.FlutterFirebaseMessagingService" >
149-->[:firebase_messaging] AndroidManifest.xml:8:9-12:19
149-->[:firebase_messaging] AndroidManifest.xml:8:18-101
150            <intent-filter>
150-->[:firebase_messaging] AndroidManifest.xml:9:13-11:29
151                <action android:name="com.google.firebase.MESSAGING_EVENT" />
151-->[:firebase_messaging] AndroidManifest.xml:10:17-78
151-->[:firebase_messaging] AndroidManifest.xml:10:25-75
152            </intent-filter>
153        </service>
154
155        <activity
155-->[:url_launcher] AndroidManifest.xml:8:9-11:74
156            android:name="io.flutter.plugins.urllauncher.WebViewActivity"
156-->[:url_launcher] AndroidManifest.xml:9:13-74
157            android:exported="false"
157-->[:url_launcher] AndroidManifest.xml:10:13-37
158            android:theme="@android:style/Theme.NoTitleBar.Fullscreen" />
158-->[:url_launcher] AndroidManifest.xml:11:13-71
159
160        <provider
160-->[com.sangcomz:FishBun:0.11.2] AndroidManifest.xml:12:9-20:20
161            android:name="com.sangcomz.fishbun.FishBunFileProvider"
161-->[com.sangcomz:FishBun:0.11.2] AndroidManifest.xml:13:13-68
162            android:authorities="com.fleek.fishbunfileprovider"
162-->[com.sangcomz:FishBun:0.11.2] AndroidManifest.xml:14:13-71
163            android:exported="false"
163-->[com.sangcomz:FishBun:0.11.2] AndroidManifest.xml:15:13-37
164            android:grantUriPermissions="true" >
164-->[com.sangcomz:FishBun:0.11.2] AndroidManifest.xml:16:13-47
165            <meta-data
165-->[:image_picker] AndroidManifest.xml:16:13-18:75
166                android:name="android.support.FILE_PROVIDER_PATHS"
166-->[:image_picker] AndroidManifest.xml:17:17-67
167                android:resource="@xml/provider_paths" />
167-->[:image_picker] AndroidManifest.xml:18:17-72
168        </provider>
169
170        <activity
170-->[com.sangcomz:FishBun:0.11.2] AndroidManifest.xml:22:9-25:51
171            android:name="com.sangcomz.fishbun.ui.album.AlbumActivity"
171-->[com.sangcomz:FishBun:0.11.2] AndroidManifest.xml:23:13-71
172            android:label="@string/album"
172-->[com.sangcomz:FishBun:0.11.2] AndroidManifest.xml:24:13-42
173            android:theme="@style/FishBunTheme" />
173-->[com.sangcomz:FishBun:0.11.2] AndroidManifest.xml:25:13-48
174        <activity
174-->[com.sangcomz:FishBun:0.11.2] AndroidManifest.xml:26:9-28:51
175            android:name="com.sangcomz.fishbun.ui.picker.PickerActivity"
175-->[com.sangcomz:FishBun:0.11.2] AndroidManifest.xml:27:13-73
176            android:theme="@style/FishBunTheme" />
176-->[com.sangcomz:FishBun:0.11.2] AndroidManifest.xml:28:13-48
177        <activity
177-->[com.sangcomz:FishBun:0.11.2] AndroidManifest.xml:29:9-31:54
178            android:name="com.sangcomz.fishbun.ui.detail.DetailActivity"
178-->[com.sangcomz:FishBun:0.11.2] AndroidManifest.xml:30:13-73
179            android:theme="@style/DetailViewTheme" />
179-->[com.sangcomz:FishBun:0.11.2] AndroidManifest.xml:31:13-51
180        <!--
181             FirebaseMessagingService performs security checks at runtime,
182             but set to not exported to explicitly avoid allowing another app to call it.
183        -->
184        <service
184-->[com.google.firebase:firebase-messaging:20.2.0] AndroidManifest.xml:28:9-35:19
185            android:name="com.google.firebase.messaging.FirebaseMessagingService"
185-->[com.google.firebase:firebase-messaging:20.2.0] AndroidManifest.xml:29:13-82
186            android:directBootAware="true"
186-->[com.google.firebase:firebase-messaging:20.2.0] AndroidManifest.xml:30:13-43
187            android:exported="false" >
187-->[com.google.firebase:firebase-messaging:20.2.0] AndroidManifest.xml:31:13-37
188            <intent-filter android:priority="-500" >
188-->[:firebase_messaging] AndroidManifest.xml:9:13-11:29
189                <action android:name="com.google.firebase.MESSAGING_EVENT" />
189-->[:firebase_messaging] AndroidManifest.xml:10:17-78
189-->[:firebase_messaging] AndroidManifest.xml:10:25-75
190            </intent-filter>
191        </service>
192
193        <receiver
193-->[com.google.android.gms:play-services-measurement:17.4.2] AndroidManifest.xml:29:9-33:20
194            android:name="com.google.android.gms.measurement.AppMeasurementReceiver"
194-->[com.google.android.gms:play-services-measurement:17.4.2] AndroidManifest.xml:30:13-85
195            android:enabled="true"
195-->[com.google.android.gms:play-services-measurement:17.4.2] AndroidManifest.xml:31:13-35
196            android:exported="false" >
196-->[com.google.android.gms:play-services-measurement:17.4.2] AndroidManifest.xml:32:13-37
197        </receiver>
198
199        <service
199-->[com.google.android.gms:play-services-measurement:17.4.2] AndroidManifest.xml:35:9-38:40
200            android:name="com.google.android.gms.measurement.AppMeasurementService"
200-->[com.google.android.gms:play-services-measurement:17.4.2] AndroidManifest.xml:36:13-84
201            android:enabled="true"
201-->[com.google.android.gms:play-services-measurement:17.4.2] AndroidManifest.xml:37:13-35
202            android:exported="false" />
202-->[com.google.android.gms:play-services-measurement:17.4.2] AndroidManifest.xml:38:13-37
203        <service
203-->[com.google.android.gms:play-services-measurement:17.4.2] AndroidManifest.xml:39:9-43:72
204            android:name="com.google.android.gms.measurement.AppMeasurementJobService"
204-->[com.google.android.gms:play-services-measurement:17.4.2] AndroidManifest.xml:40:13-87
205            android:enabled="true"
205-->[com.google.android.gms:play-services-measurement:17.4.2] AndroidManifest.xml:41:13-35
206            android:exported="false"
206-->[com.google.android.gms:play-services-measurement:17.4.2] AndroidManifest.xml:42:13-37
207            android:permission="android.permission.BIND_JOB_SERVICE" />
207-->[com.google.android.gms:play-services-measurement:17.4.2] AndroidManifest.xml:43:13-69
208
209        <receiver
209-->[com.google.firebase:firebase-iid:20.2.0] AndroidManifest.xml:37:9-44:20
210            android:name="com.google.firebase.iid.FirebaseInstanceIdReceiver"
210-->[com.google.firebase:firebase-iid:20.2.0] AndroidManifest.xml:38:13-78
211            android:exported="true"
211-->[com.google.firebase:firebase-iid:20.2.0] AndroidManifest.xml:39:13-36
212            android:permission="com.google.android.c2dm.permission.SEND" >
212-->[com.google.firebase:firebase-iid:20.2.0] AndroidManifest.xml:40:13-73
213            <intent-filter>
213-->[com.google.firebase:firebase-iid:20.2.0] AndroidManifest.xml:41:13-43:29
214                <action android:name="com.google.android.c2dm.intent.RECEIVE" />
214-->[com.google.firebase:firebase-iid:20.2.0] AndroidManifest.xml:42:17-81
214-->[com.google.firebase:firebase-iid:20.2.0] AndroidManifest.xml:42:25-78
215            </intent-filter>
216        </receiver>
217
218        <activity
218-->[com.google.firebase:firebase-auth:17.0.0] AndroidManifest.xml:24:9-31:50
219            android:name="com.google.firebase.auth.internal.FederatedSignInActivity"
219-->[com.google.firebase:firebase-auth:17.0.0] AndroidManifest.xml:25:13-85
220            android:excludeFromRecents="true"
220-->[com.google.firebase:firebase-auth:17.0.0] AndroidManifest.xml:26:13-46
221            android:exported="true"
221-->[com.google.firebase:firebase-auth:17.0.0] AndroidManifest.xml:27:13-36
222            android:launchMode="singleTask"
222-->[com.google.firebase:firebase-auth:17.0.0] AndroidManifest.xml:28:13-44
223            android:permission="com.google.firebase.auth.api.gms.permission.LAUNCH_FEDERATED_SIGN_IN"
223-->[com.google.firebase:firebase-auth:17.0.0] AndroidManifest.xml:29:13-102
224            android:theme="@android:style/Theme.Translucent.NoTitleBar" />
224-->[com.google.firebase:firebase-auth:17.0.0] AndroidManifest.xml:30:13-72
225
226        <provider
226-->[com.google.firebase:firebase-common:19.3.0] AndroidManifest.xml:26:9-30:39
227            android:name="com.google.firebase.provider.FirebaseInitProvider"
227-->[com.google.firebase:firebase-common:19.3.0] AndroidManifest.xml:27:13-77
228            android:authorities="com.fleek.firebaseinitprovider"
228-->[com.google.firebase:firebase-common:19.3.0] AndroidManifest.xml:28:13-72
229            android:exported="false"
229-->[com.google.firebase:firebase-common:19.3.0] AndroidManifest.xml:29:13-37
230            android:initOrder="100" />
230-->[com.google.firebase:firebase-common:19.3.0] AndroidManifest.xml:30:13-36
231
232        <activity
232-->[com.google.android.gms:play-services-auth:16.0.1] AndroidManifest.xml:23:9-27:75
233            android:name="com.google.android.gms.auth.api.signin.internal.SignInHubActivity"
233-->[com.google.android.gms:play-services-auth:16.0.1] AndroidManifest.xml:24:13-93
234            android:excludeFromRecents="true"
234-->[com.google.android.gms:play-services-auth:16.0.1] AndroidManifest.xml:25:13-46
235            android:exported="false"
235-->[com.google.android.gms:play-services-auth:16.0.1] AndroidManifest.xml:26:13-37
236            android:theme="@android:style/Theme.Translucent.NoTitleBar" />
236-->[com.google.android.gms:play-services-auth:16.0.1] AndroidManifest.xml:27:13-72
237        <!--
238            Service handling Google Sign-In user revocation. For apps that do not integrate with
239            Google Sign-In, this service will never be started.
240        -->
241        <service
241-->[com.google.android.gms:play-services-auth:16.0.1] AndroidManifest.xml:33:9-36:110
242            android:name="com.google.android.gms.auth.api.signin.RevocationBoundService"
242-->[com.google.android.gms:play-services-auth:16.0.1] AndroidManifest.xml:34:13-89
243            android:exported="true"
243-->[com.google.android.gms:play-services-auth:16.0.1] AndroidManifest.xml:35:13-36
244            android:permission="com.google.android.gms.auth.api.signin.permission.REVOCATION_NOTIFICATION" />
244-->[com.google.android.gms:play-services-auth:16.0.1] AndroidManifest.xml:36:13-107
245
246        <activity
246-->[com.google.android.gms:play-services-base:17.0.0] AndroidManifest.xml:23:9-26:75
247            android:name="com.google.android.gms.common.api.GoogleApiActivity"
247-->[com.google.android.gms:play-services-base:17.0.0] AndroidManifest.xml:24:13-79
248            android:exported="false"
248-->[com.google.android.gms:play-services-base:17.0.0] AndroidManifest.xml:25:13-37
249            android:theme="@android:style/Theme.Translucent.NoTitleBar" />
249-->[com.google.android.gms:play-services-base:17.0.0] AndroidManifest.xml:26:13-72
250
251        <meta-data
251-->[com.google.android.gms:play-services-basement:17.0.0] AndroidManifest.xml:23:9-25:69
252            android:name="com.google.android.gms.version"
252-->[com.google.android.gms:play-services-basement:17.0.0] AndroidManifest.xml:24:13-58
253            android:value="@integer/google_play_services_version" />
253-->[com.google.android.gms:play-services-basement:17.0.0] AndroidManifest.xml:25:13-66
254
255        <service
255-->[com.google.android.datatransport:transport-backend-cct:2.2.0] AndroidManifest.xml:29:9-35:19
256            android:name="com.google.android.datatransport.runtime.backends.TransportBackendDiscovery"
256-->[com.google.android.datatransport:transport-backend-cct:2.2.0] AndroidManifest.xml:30:13-103
257            android:exported="false" >
257-->[com.google.android.datatransport:transport-backend-cct:2.2.0] AndroidManifest.xml:31:13-37
258            <meta-data
258-->[com.google.android.datatransport:transport-backend-cct:2.2.0] AndroidManifest.xml:32:13-34:39
259                android:name="backend:com.google.android.datatransport.cct.CctBackendFactory"
259-->[com.google.android.datatransport:transport-backend-cct:2.2.0] AndroidManifest.xml:33:17-94
260                android:value="cct" />
260-->[com.google.android.datatransport:transport-backend-cct:2.2.0] AndroidManifest.xml:34:17-36
261        </service>
262        <service
262-->[com.google.android.datatransport:transport-runtime:2.2.0] AndroidManifest.xml:26:9-30:19
263            android:name="com.google.android.datatransport.runtime.scheduling.jobscheduling.JobInfoSchedulerService"
263-->[com.google.android.datatransport:transport-runtime:2.2.0] AndroidManifest.xml:27:13-117
264            android:exported="false"
264-->[com.google.android.datatransport:transport-runtime:2.2.0] AndroidManifest.xml:28:13-37
265            android:permission="android.permission.BIND_JOB_SERVICE" >
265-->[com.google.android.datatransport:transport-runtime:2.2.0] AndroidManifest.xml:29:13-69
266        </service>
267
268        <receiver
268-->[com.google.android.datatransport:transport-runtime:2.2.0] AndroidManifest.xml:32:9-34:40
269            android:name="com.google.android.datatransport.runtime.scheduling.jobscheduling.AlarmManagerSchedulerBroadcastReceiver"
269-->[com.google.android.datatransport:transport-runtime:2.2.0] AndroidManifest.xml:33:13-132
270            android:exported="false" />
270-->[com.google.android.datatransport:transport-runtime:2.2.0] AndroidManifest.xml:34:13-37
271    </application>
272
273</manifest>